0 info it worked if it ends with ok
1 verbose cli [ 'C:\\Program Files\\nodejs\\node.exe',
1 verbose cli   'C:\\Program Files\\nodejs\\node_modules\\npm\\bin\\npm-cli.js',
1 verbose cli   'publish' ]
2 info using npm@2.5.1
3 info using node@v0.12.0
4 verbose publish [ '.' ]
5 silly cache add args [ '.', null ]
6 verbose cache add spec .
7 silly cache add parsed spec { raw: '.',
7 silly cache add   scope: null,
7 silly cache add   name: null,
7 silly cache add   rawSpec: '.',
7 silly cache add   spec: 'D:\\cygwin64\\home\\zhuang0226\\repo\\github\\express-res-html',
7 silly cache add   type: 'directory' }
8 verbose addLocalDirectory C:\Users\zhuang0226\AppData\Roaming\npm-cache\express-res-html\0.1.0\package.tgz not in flight; packing
9 verbose tar pack [ 'C:\\Users\\zhuang0226\\AppData\\Roaming\\npm-cache\\express-res-html\\0.1.0\\package.tgz',
9 verbose tar pack   'D:\\cygwin64\\home\\zhuang0226\\repo\\github\\express-res-html' ]
10 verbose tarball C:\Users\zhuang0226\AppData\Roaming\npm-cache\express-res-html\0.1.0\package.tgz
11 verbose folder D:\cygwin64\home\zhuang0226\repo\github\express-res-html
12 info prepublish express-res-html@0.1.0
13 verbose addLocalTarball adding from inside cache C:\Users\zhuang0226\AppData\Roaming\npm-cache\express-res-html\0.1.0\package.tgz
14 silly cache afterAdd express-res-html@0.1.0
15 verbose afterAdd C:\Users\zhuang0226\AppData\Roaming\npm-cache\express-res-html\0.1.0\package\package.json not in flight; writing
16 verbose afterAdd C:\Users\zhuang0226\AppData\Roaming\npm-cache\express-res-html\0.1.0\package\package.json written
17 silly publish { name: 'express-res-html',
17 silly publish   version: '0.1.0',
17 silly publish   description: 'Express.js middlewire to add res.html(options), to generate text/html response.',
17 silly publish   main: 'index.js',
17 silly publish   scripts: { test: 'echo "Error: no test specified" && exit 1' },
17 silly publish   repository:
17 silly publish    { type: 'git',
17 silly publish      url: 'https://github.com/heineiuo/express-res-html' },
17 silly publish   keywords: [ 'express.js', 'middlewire', 'html', 'generator' ],
17 silly publish   author: { name: 'https://github.com/heineiuo' },
17 silly publish   license: 'MIT',
17 silly publish   bugs: { url: 'https://github.com/heineiuo/express-res-html/issues' },
17 silly publish   homepage: 'https://github.com/heineiuo/express-res-html',
17 silly publish   readme: '# express-res-html\nres.html() middlewire\n\n## Get-started\n\n    var app = express()\n    app.use(require(\'express-res-html\'))\n\n    app.route(\'/reshtml\').get(function(req, res){\n\n          res.html({\n                title: "demo",\n                variable: [\n                      [\'ENV\', \'development\'],\n                      [\'user\', {name: \'Hansel\'}]\n                ],\n                meta: [\n                      {charset: \'UTF-8\'},\n                      {name: \'viewport\', content: \'width=device-width, initial-scale=1, user-scalable=0, user-scalable=no\'}\n                ],\n                css: [\n                     \'/assets/app.css\'\n                ],\n                body: {\n                     id: \'view-scope\'\n                }\n          })\n\n    })\n\n    // output:\n\n    <!doctype html><html><head><meta charset="UTF-8"><meta name="viewport" content="width=device-width, initial-scale=1, user-scalable=0, user-scalable=no"><link rel="stylesheet" href="/assets/app.css"/><title>demo</title><script>var ENV="development";var user={"name":"Hansel"};</script></head><body id="view-scope"></body></html>\n\n\n\n## Options\n\n### title\n\n### js\n\n### variable\n\n### css\n\n### meta\n\n### body\n\n##### body.id\n##### body.class\n##### body.childNodes\n\n### lang\n\n### doctype',
17 silly publish   readmeFilename: 'README.md',
17 silly publish   gitHead: 'a0ad2666296f1822026c92a6347052d448ef5b91',
17 silly publish   _id: 'express-res-html@0.1.0',
17 silly publish   _shasum: '7ccc838ba09d97b1bd4bff2f7e89a0223ca10b98',
17 silly publish   _from: '.' }
18 silly mapToRegistry name express-res-html
19 silly mapToRegistry using default registry
20 silly mapToRegistry registry https://registry.npm.taobao.org/
21 silly mapToRegistry uri https://registry.npm.taobao.org/express-res-html
22 verbose publish registryBase https://registry.npm.taobao.org/
23 silly publish uploading C:\Users\zhuang0226\AppData\Roaming\npm-cache\express-res-html\0.1.0\package.tgz
24 verbose stack Error: auth required for publishing
24 verbose stack     at CachingRegistryClient.publish (C:\Program Files\nodejs\node_modules\npm\node_modules\npm-registry-client\lib\publish.js:30:14)
24 verbose stack     at C:\Program Files\nodejs\node_modules\npm\lib\publish.js:135:14
24 verbose stack     at mapToRegistry (C:\Program Files\nodejs\node_modules\npm\lib\utils\map-to-registry.js:55:3)
24 verbose stack     at publish_ (C:\Program Files\nodejs\node_modules\npm\lib\publish.js:105:3)
24 verbose stack     at Array.<anonymous> (C:\Program Files\nodejs\node_modules\npm\node_modules\slide\lib\bind-actor.js:15:8)
24 verbose stack     at LOOP (C:\Program Files\nodejs\node_modules\npm\node_modules\slide\lib\chain.js:15:14)
24 verbose stack     at LOOP (C:\Program Files\nodejs\node_modules\npm\node_modules\slide\lib\chain.js:14:28)
24 verbose stack     at chain (C:\Program Files\nodejs\node_modules\npm\node_modules\slide\lib\chain.js:20:5)
24 verbose stack     at C:\Program Files\nodejs\node_modules\npm\lib\publish.js:65:5
24 verbose stack     at RES (C:\Program Files\nodejs\node_modules\npm\node_modules\inflight\inflight.js:23:14)
25 verbose cwd D:\cygwin64\home\zhuang0226\repo\github\express-res-html
26 error Windows_NT 6.3.9600
27 error argv "C:\\Program Files\\nodejs\\node.exe" "C:\\Program Files\\nodejs\\node_modules\\npm\\bin\\npm-cli.js" "publish"
28 error node v0.12.0
29 error npm  v2.5.1
30 error code ENEEDAUTH
31 error need auth auth required for publishing
31 error need auth You need to authorize this machine using `npm adduser`
32 verbose exit [ 1, true ]
